<?xml version="1.0" encoding="UTF-8"?>
<!-- Generated by org.testng.reporters.JUnitXMLReporter -->
<testsuite hostname="AHB-LAP" ignored="0" name="Default test" tests="3" failures="0" timestamp="30 Oct 2018 09:06:24 GMT" time="34.854" errors="0">
  <testcase name="AddUserTest" time="15.109" classname="com.qsp.ohrm.test.admintest.UserManagementTest"/>
  <testcase name="SearchUserTest" time="7.299" classname="com.qsp.ohrm.test.admintest.UserManagementTest"/>
  <testcase name="DeleteUserTest" time="7.855" classname="com.qsp.ohrm.test.admintest.UserManagementTest"/>
</testsuite> <!-- Default test -->
