<?xml version="1.0" encoding="UTF-8"?>
<testng-results skipped="0" failed="0" ignored="0" total="3" passed="3">
  <reporter-output>
  </reporter-output>
  <suite name="Default suite" duration-ms="34854" started-at="2018-10-30T09:05:49Z" finished-at="2018-10-30T09:06:24Z">
    <groups>
    </groups>
    <test name="Default test" duration-ms="34854" started-at="2018-10-30T09:05:49Z" finished-at="2018-10-30T09:06:24Z">
      <class name="com.qsp.ohrm.test.admintest.UserManagementTest">
        <test-method status="PASS" signature="initializeGlobalValues()[pri:0, instance:com.qsp.ohrm.test.admintest.UserManagementTest@91161c7]" name="initializeGlobalValues" is-config="true" duration-ms="175" started-at="2018-10-30T09:05:49Z" finished-at="2018-10-30T09:05:49Z">
          <reporter-output>
          </reporter-output>
        </test-method> <!-- initializeGlobalValues -->
        <test-method status="PASS" signature="setup()[pri:0, instance:com.qsp.ohrm.test.admintest.UserManagementTest@91161c7]" name="setup" is-config="true" duration-ms="3812" started-at="2018-10-30T09:05:49Z" finished-at="2018-10-30T09:05:53Z">
          <reporter-output>
          </reporter-output>
        </test-method> <!-- setup -->
        <test-method status="PASS" signature="printMethod(org.testng.ITestContext)[pri:0, instance:com.qsp.ohrm.test.admintest.UserManagementTest@91161c7]" name="printMethod" is-config="true" duration-ms="2" started-at="2018-10-30T09:05:53Z" finished-at="2018-10-30T09:05:53Z">
          <params>
            <param index="0">
              <value>
                <![CDATA[org.testng.TestRunner@77b7ffa4]]>
              </value>
            </param>
          </params>
          <reporter-output>
          </reporter-output>
        </test-method> <!-- printMethod -->
        <test-method status="PASS" signature="AddUserTest()[pri:1, instance:com.qsp.ohrm.test.admintest.UserManagementTest@91161c7]" name="AddUserTest" duration-ms="15109" started-at="2018-10-30T09:05:53Z" finished-at="2018-10-30T09:06:08Z">
          <reporter-output>
          </reporter-output>
        </test-method> <!-- AddUserTest -->
        <test-method status="PASS" signature="tearDown(org.testng.ITestResult)[pri:0, instance:com.qsp.ohrm.test.admintest.UserManagementTest@91161c7]" name="tearDown" is-config="true" duration-ms="378" started-at="2018-10-30T09:06:08Z" finished-at="2018-10-30T09:06:08Z">
          <params>
            <param index="0">
              <value>
                <![CDATA[[TestResult name=AddUserTest status=SUCCESS method=UserManagementTest.AddUserTest()[pri:1, instance:com.qsp.ohrm.test.admintest.UserManagementTest@91161c7] output={null}]]]>
              </value>
            </param>
          </params>
          <reporter-output>
          </reporter-output>
        </test-method> <!-- tearDown -->
        <test-method status="PASS" signature="SearchUserTest()[pri:2, instance:com.qsp.ohrm.test.admintest.UserManagementTest@91161c7]" name="SearchUserTest" duration-ms="7299" started-at="2018-10-30T09:06:08Z" finished-at="2018-10-30T09:06:16Z">
          <reporter-output>
          </reporter-output>
        </test-method> <!-- SearchUserTest -->
        <test-method status="PASS" signature="printMethod(org.testng.ITestContext)[pri:0, instance:com.qsp.ohrm.test.admintest.UserManagementTest@91161c7]" name="printMethod" is-config="true" duration-ms="0" started-at="2018-10-30T09:06:08Z" finished-at="2018-10-30T09:06:08Z">
          <params>
            <param index="0">
              <value>
                <![CDATA[org.testng.TestRunner@77b7ffa4]]>
              </value>
            </param>
          </params>
          <reporter-output>
          </reporter-output>
        </test-method> <!-- printMethod -->
        <test-method status="PASS" signature="tearDown(org.testng.ITestResult)[pri:0, instance:com.qsp.ohrm.test.admintest.UserManagementTest@91161c7]" name="tearDown" is-config="true" duration-ms="75" started-at="2018-10-30T09:06:16Z" finished-at="2018-10-30T09:06:16Z">
          <params>
            <param index="0">
              <value>
                <![CDATA[[TestResult name=SearchUserTest status=SUCCESS method=UserManagementTest.SearchUserTest()[pri:2, instance:com.qsp.ohrm.test.admintest.UserManagementTest@91161c7] output={null}]]]>
              </value>
            </param>
          </params>
          <reporter-output>
          </reporter-output>
        </test-method> <!-- tearDown -->
        <test-method status="PASS" signature="printMethod(org.testng.ITestContext)[pri:0, instance:com.qsp.ohrm.test.admintest.UserManagementTest@91161c7]" name="printMethod" is-config="true" duration-ms="1" started-at="2018-10-30T09:06:16Z" finished-at="2018-10-30T09:06:16Z">
          <params>
            <param index="0">
              <value>
                <![CDATA[org.testng.TestRunner@77b7ffa4]]>
              </value>
            </param>
          </params>
          <reporter-output>
          </reporter-output>
        </test-method> <!-- printMethod -->
        <test-method status="PASS" signature="DeleteUserTest()[pri:3, instance:com.qsp.ohrm.test.admintest.UserManagementTest@91161c7]" name="DeleteUserTest" duration-ms="7855" started-at="2018-10-30T09:06:16Z" finished-at="2018-10-30T09:06:24Z">
          <reporter-output>
          </reporter-output>
        </test-method> <!-- DeleteUserTest -->
        <test-method status="PASS" signature="tearDown(org.testng.ITestResult)[pri:0, instance:com.qsp.ohrm.test.admintest.UserManagementTest@91161c7]" name="tearDown" is-config="true" duration-ms="66" started-at="2018-10-30T09:06:24Z" finished-at="2018-10-30T09:06:24Z">
          <params>
            <param index="0">
              <value>
                <![CDATA[[TestResult name=DeleteUserTest status=SUCCESS method=UserManagementTest.DeleteUserTest()[pri:3, instance:com.qsp.ohrm.test.admintest.UserManagementTest@91161c7] output={null}]]]>
              </value>
            </param>
          </params>
          <reporter-output>
          </reporter-output>
        </test-method> <!-- tearDown -->
        <test-method status="PASS" signature="tearDown()[pri:0, instance:com.qsp.ohrm.test.admintest.UserManagementTest@91161c7]" name="tearDown" is-config="true" duration-ms="221" started-at="2018-10-30T09:06:24Z" finished-at="2018-10-30T09:06:24Z">
          <reporter-output>
          </reporter-output>
        </test-method> <!-- tearDown -->
        <test-method status="PASS" signature="saveReports()[pri:0, instance:com.qsp.ohrm.test.admintest.UserManagementTest@91161c7]" name="saveReports" is-config="true" duration-ms="0" started-at="2018-10-30T09:06:24Z" finished-at="2018-10-30T09:06:24Z">
          <reporter-output>
          </reporter-output>
        </test-method> <!-- saveReports -->
      </class> <!-- com.qsp.ohrm.test.admintest.UserManagementTest -->
    </test> <!-- Default test -->
  </suite> <!-- Default suite -->
</testng-results>
